<?xml version="1.0" encoding="UTF-8"?>
<testsuite xmlns:xsi="http://www.w3.org/2001/XMLSchema-instance" xsi:noNamespaceSchemaLocation="https://maven.apache.org/surefire/maven-surefire-plugin/xsd/surefire-test-report-3.0.xsd" version="3.0" name="tw.com.ty.LabbootHibernateApplicationTests" time="4.218" tests="1" errors="0" skipped="0" failures="0">
  <properties>
[...]
</properties>
  <testcase name="contextLoads" classname="tw.com.ty.LabbootHibernateApplicationTests" time="0.284">
    <system-out><![CDATA[13:35:54.597 [main] INFO org.springframework.test.context.support.AnnotationConfigContextLoaderUtils -- Could not detect default configuration classes for test class [tw.com.ty.LabbootHibernateApplicationTests]: LabbootHibernateApplicationTests does not declare any static, non-private, non-final, nested classes annotated with @Configuration.
13:35:54.646 [main] INFO org.springframework.boot.test.context.SpringBootTestContextBootstrapper -- Found @SpringBootConfiguration tw.com.ty.LabbootHibernateApplication for test class tw.com.ty.LabbootHibernateApplicationTests
13:35:54.746 [main] INFO org.springframework.boot.devtools.restart.RestartApplicationListener -- Restart disabled due to context in which it is running

  .   ____          _            __ _ _
 /\\ / ___'_ __ _ _(_)_ __  __ _ \ \ \ \
( ( )\___ | '_ | '_| | '_ \/ _` | \ \ \ \
 \\/  ___)| |_)| | | | | || (_| |  ) ) ) )
  '  |____| .__|_| |_|_| |_\__, | / / / /
 =========|_|==============|___/=/_/_/_/
 :: Spring Boot ::                (v3.2.0)

2023-12-21T13:35:54.899+08:00  WARN 13748 --- [           main] ory$DuplicateJsonObjectContextCustomizer : 

Found multiple occurrences of org.json.JSONObject on the class path:

	jar:file:/C:/Users/User/.m2/repository/org/json/json/20231013/json-20231013.jar!/org/json/JSONObject.class
	jar:file:/C:/Users/User/.m2/repository/com/vaadin/external/google/android-json/0.0.20131108.vaadin1/android-json-0.0.20131108.vaadin1.jar!/org/json/JSONObject.class

You may wish to exclude one of them to ensure predictable runtime behavior

2023-12-21T13:35:54.899+08:00  INFO 13748 --- [           main] t.c.ty.LabbootHibernateApplicationTests  : Starting LabbootHibernateApplicationTests using Java 17.0.8.1 with PID 13748 (started by User in c:\Users\User\Desktop\TY-Multiverse-Backend)
2023-12-21T13:35:54.899+08:00  INFO 13748 --- [           main] t.c.ty.LabbootHibernateApplicationTests  : No active profile set, falling back to 1 default profile: "default"
2023-12-21T13:35:55.481+08:00  INFO 13748 --- [           main] .s.d.r.c.RepositoryConfigurationDelegate : Bootstrapping Spring Data JPA repositories in DEFAULT mode.
2023-12-21T13:35:55.530+08:00  INFO 13748 --- [           main] .s.d.r.c.RepositoryConfigurationDelegate : Finished Spring Data repository scanning in 38 ms. Found 1 JPA repository interface.
2023-12-21T13:35:56.076+08:00  INFO 13748 --- [           main] o.hibernate.jpa.internal.util.LogHelper  : HHH000204: Processing PersistenceUnitInfo [name: default]
2023-12-21T13:35:56.147+08:00  INFO 13748 --- [           main] org.hibernate.Version                    : HHH000412: Hibernate ORM core version 6.3.1.Final
2023-12-21T13:35:56.167+08:00  INFO 13748 --- [           main] o.h.c.internal.RegionFactoryInitiator    : HHH000026: Second-level cache disabled
2023-12-21T13:35:56.330+08:00  INFO 13748 --- [           main] o.s.o.j.p.SpringPersistenceUnitInfo      : No LoadTimeWeaver setup: ignoring JPA class transformer
2023-12-21T13:35:56.347+08:00  INFO 13748 --- [           main] com.zaxxer.hikari.HikariDataSource       : HikariPool-1 - Starting...
2023-12-21T13:35:56.497+08:00  INFO 13748 --- [           main] com.zaxxer.hikari.pool.HikariPool        : HikariPool-1 - Added connection ConnectionID:1 ClientConnectionId: 3455ca66-0197-421f-8da1-cb383e7533c1
2023-12-21T13:35:56.497+08:00  INFO 13748 --- [           main] com.zaxxer.hikari.HikariDataSource       : HikariPool-1 - Start completed.
2023-12-21T13:35:56.514+08:00  WARN 13748 --- [           main] org.hibernate.orm.deprecation            : HHH90000025: SQLServerDialect does not need to be specified explicitly using 'hibernate.dialect' (remove the property setting and it will be selected by default)
2023-12-21T13:35:57.008+08:00  INFO 13748 --- [           main] o.h.e.t.j.p.i.JtaPlatformInitiator       : HHH000489: No JTA platform available (set 'hibernate.transaction.jta.platform' to enable JTA platform integration)
2023-12-21T13:35:57.055+08:00  INFO 13748 --- [           main] j.LocalContainerEntityManagerFactoryBean : Initialized JPA EntityManagerFactory for persistence unit 'default'
2023-12-21T13:35:57.672+08:00  WARN 13748 --- [           main] JpaBaseConfiguration$JpaWebConfiguration : spring.jpa.open-in-view is enabled by default. Therefore, database queries may be performed during view rendering. Explicitly configure spring.jpa.open-in-view to disable this warning
2023-12-21T13:35:58.361+08:00  INFO 13748 --- [           main] o.s.b.a.e.web.EndpointLinksResolver      : Exposing 1 endpoint(s) beneath base path '/actuator'
2023-12-21T13:35:58.392+08:00  INFO 13748 --- [           main] t.c.ty.LabbootHibernateApplicationTests  : Started LabbootHibernateApplicationTests in 3.646 seconds (process running for 4.184)
]]></system-out>
  </testcase>
</testsuite>