<?xml version="1.0" encoding="UTF-8"?>
<testsuite xmlns:xsi="http://www.w3.org/2001/XMLSchema-instance" xsi:noNamespaceSchemaLocation="https://maven.apache.org/surefire/maven-surefire-plugin/xsd/surefire-test-report-3.0.xsd" version="3.0" name="tw.com.ty.service.ProductServiceTests" time="0.208" tests="2" errors="0" skipped="0" failures="0">
  <properties>
[...]
</properties>
  <testcase name="insert" classname="tw.com.ty.service.ProductServiceTests" time="0.036">
    <system-out><![CDATA[2023-12-21T11:24:09.596+08:00  INFO 12603 --- [           main] t.c.s.AnnotationConfigContextLoaderUtils : Could not detect default configuration classes for test class [tw.com.ty.service.ProductServiceTests]: ProductServiceTests does not declare any static, non-private, non-final, nested classes annotated with @Configuration.
2023-12-21T11:24:09.596+08:00  INFO 12603 --- [           main] .b.t.c.SpringBootTestContextBootstrapper : Found @SpringBootConfiguration tw.com.ty.LabbootHibernateApplication for test class tw.com.ty.service.ProductServiceTests
Hibernate: select pb1_0.id,pb1_0.expire,pb1_0.make,pb1_0.name,pb1_0.price from product pb1_0 where pb1_0.id=?
Hibernate: insert into product (expire,make,name,price,id) values (?,?,?,?,?)
result=ProductBean [id=102, name=hahaha, price=1.23, make=Thu Dec 21 11:24:09 CST 2023, expire=45]
]]></system-out>
  </testcase>
  <testcase name="testSelect" classname="tw.com.ty.service.ProductServiceTests" time="0.168">
    <system-out><![CDATA[Hibernate: select pb1_0.id,pb1_0.expire,pb1_0.make,pb1_0.name,pb1_0.price from product pb1_0
selects=[ProductBean [id=1, name=ho, price=1.456145623E7, make=2023-12-15 00:00:00.0, expire=21], ProductBean [id=2, name=Milk Tea, price=15.0, make=2007-02-14 00:00:00.0, expire=150], ProductBean [id=3, name=cccocoocococo, price=14556.23, make=2023-01-13 00:00:00.0, expire=3333], ProductBean [id=4, name=Coffe Square, price=15.0, make=2007-02-20 00:00:00.0, expire=100], ProductBean [id=5, name=Cookie, price=25.0, make=2007-03-27 00:00:00.0, expire=45], ProductBean [id=6, name=Prince Noodle, price=5.0, make=2007-04-02 00:00:00.0, expire=365], ProductBean [id=7, name=Chicken Noodle, price=20.0, make=2006-10-30 00:00:00.0, expire=300], ProductBean [id=8, name=Qwi-Qwi, price=20.0, make=2007-02-28 00:00:00.0, expire=200], ProductBean [id=9, name=whoresssss, price=1.456145623E7, make=2023-11-13 00:00:00.0, expire=21234234], ProductBean [id=10, name=HotDog, price=25.0, make=2007-04-30 00:00:00.0, expire=1], ProductBean [id=50, name=whore, price=990.0, make=2023-11-12 00:00:00.0, expire=1], ProductBean [id=102, name=hahaha, price=1.23, make=2023-12-21 11:24:09.6, expire=45], ProductBean [id=666, name=牛逼, price=666.99, make=2023-11-30 00:00:00.0, expire=56], ProductBean [id=1000, name=whores, price=1.456145623E7, make=2023-12-15 00:00:00.0, expire=21], ProductBean [id=1001, name=whores, price=1.456145623E7, make=2023-12-15 00:00:00.0, expire=21], ProductBean [id=1002, name=whores, price=1.456145623E7, make=2023-12-15 00:00:00.0, expire=21], ProductBean [id=1003, name=this is another demo, price=6.78, make=2021-02-03 00:00:00.0, expire=90], ProductBean [id=1005, name=ho, price=1.456145623E7, make=2023-12-15 00:00:00.0, expire=21], ProductBean [id=1006, name=whores, price=1.456145623E7, make=2023-12-15 00:00:00.0, expire=21], ProductBean [id=1007, name=whores, price=1.456145623E7, make=2023-12-15 00:00:00.0, expire=21]]
]]></system-out>
  </testcase>
</testsuite>