<?xml version="1.0" encoding="UTF-8"?>
<testsuite xmlns:xsi="http://www.w3.org/2001/XMLSchema-instance" xsi:noNamespaceSchemaLocation="https://maven.apache.org/surefire/maven-surefire-plugin/xsd/surefire-test-report-3.0.xsd" version="3.0" name="tw.com.ty.dao.ProductDAOJdbcTests" time="4.814" tests="5" errors="0" skipped="0" failures="0">
  <properties>
[...]
</properties>
  <testcase name="testFind" classname="tw.com.ty.dao.ProductDAOJdbcTests" time="0.845">
    <system-out><![CDATA[11:24:04.821 [main] INFO org.springframework.test.context.support.AnnotationConfigContextLoaderUtils -- Could not detect default configuration classes for test class [tw.com.ty.dao.ProductDAOJdbcTests]: ProductDAOJdbcTests does not declare any static, non-private, non-final, nested classes annotated with @Configuration.
11:24:04.887 [main] INFO org.springframework.boot.test.context.SpringBootTestContextBootstrapper -- Found @SpringBootConfiguration tw.com.ty.LabbootHibernateApplication for test class tw.com.ty.dao.ProductDAOJdbcTests
11:24:04.975 [main] INFO org.springframework.boot.devtools.restart.RestartApplicationListener -- Restart disabled due to context in which it is running

  .   ____          _            __ _ _
 /\\ / ___'_ __ _ _(_)_ __  __ _ \ \ \ \
( ( )\___ | '_ | '_| | '_ \/ _` | \ \ \ \
 \\/  ___)| |_)| | | | | || (_| |  ) ) ) )
  '  |____| .__|_| |_|_| |_\__, | / / / /
 =========|_|==============|___/=/_/_/_/
 :: Spring Boot ::                (v3.2.0)

2023-12-21T11:24:05.135+08:00  WARN 12603 --- [           main] ory$DuplicateJsonObjectContextCustomizer : 

Found multiple occurrences of org.json.JSONObject on the class path:

	jar:file:/Users/vinskao/.m2/repository/org/json/json/20231013/json-20231013.jar!/org/json/JSONObject.class
	jar:file:/Users/vinskao/.m2/repository/com/vaadin/external/google/android-json/0.0.20131108.vaadin1/android-json-0.0.20131108.vaadin1.jar!/org/json/JSONObject.class

You may wish to exclude one of them to ensure predictable runtime behavior

2023-12-21T11:24:05.145+08:00  INFO 12603 --- [           main] tw.com.ty.dao.ProductDAOJdbcTests        : Starting ProductDAOJdbcTests using Java 21 with PID 12603 (started by vinskao in /Users/vinskao/Desktop/ty-multiverse-backend)
2023-12-21T11:24:05.145+08:00  INFO 12603 --- [           main] tw.com.ty.dao.ProductDAOJdbcTests        : No active profile set, falling back to 1 default profile: "default"
2023-12-21T11:24:05.669+08:00  INFO 12603 --- [           main] .s.d.r.c.RepositoryConfigurationDelegate : Bootstrapping Spring Data JPA repositories in DEFAULT mode.
2023-12-21T11:24:05.701+08:00  INFO 12603 --- [           main] .s.d.r.c.RepositoryConfigurationDelegate : Finished Spring Data repository scanning in 28 ms. Found 1 JPA repository interface.
2023-12-21T11:24:06.246+08:00  INFO 12603 --- [           main] o.hibernate.jpa.internal.util.LogHelper  : HHH000204: Processing PersistenceUnitInfo [name: default]
2023-12-21T11:24:06.295+08:00  INFO 12603 --- [           main] org.hibernate.Version                    : HHH000412: Hibernate ORM core version 6.3.1.Final
2023-12-21T11:24:06.319+08:00  INFO 12603 --- [           main] o.h.c.internal.RegionFactoryInitiator    : HHH000026: Second-level cache disabled
2023-12-21T11:24:06.459+08:00  INFO 12603 --- [           main] o.s.o.j.p.SpringPersistenceUnitInfo      : No LoadTimeWeaver setup: ignoring JPA class transformer
2023-12-21T11:24:06.476+08:00  INFO 12603 --- [           main] com.zaxxer.hikari.HikariDataSource       : HikariPool-1 - Starting...
2023-12-21T11:24:06.776+08:00  INFO 12603 --- [           main] com.zaxxer.hikari.pool.HikariPool        : HikariPool-1 - Added connection ConnectionID:1 ClientConnectionId: 227aa923-21f1-4cda-8e05-0b110958a0ca
2023-12-21T11:24:06.778+08:00  INFO 12603 --- [           main] com.zaxxer.hikari.HikariDataSource       : HikariPool-1 - Start completed.
2023-12-21T11:24:06.800+08:00  WARN 12603 --- [           main] org.hibernate.orm.deprecation            : HHH90000025: SQLServerDialect does not need to be specified explicitly using 'hibernate.dialect' (remove the property setting and it will be selected by default)
2023-12-21T11:24:07.306+08:00  INFO 12603 --- [           main] o.h.e.t.j.p.i.JtaPlatformInitiator       : HHH000489: No JTA platform available (set 'hibernate.transaction.jta.platform' to enable JTA platform integration)
2023-12-21T11:24:07.531+08:00  INFO 12603 --- [           main] j.LocalContainerEntityManagerFactoryBean : Initialized JPA EntityManagerFactory for persistence unit 'default'
2023-12-21T11:24:07.933+08:00  WARN 12603 --- [           main] JpaBaseConfiguration$JpaWebConfiguration : spring.jpa.open-in-view is enabled by default. Therefore, database queries may be performed during view rendering. Explicitly configure spring.jpa.open-in-view to disable this warning
2023-12-21T11:24:08.497+08:00  INFO 12603 --- [           main] o.s.b.a.e.web.EndpointLinksResolver      : Exposing 1 endpoint(s) beneath base path '/actuator'
2023-12-21T11:24:08.554+08:00  INFO 12603 --- [           main] tw.com.ty.dao.ProductDAOJdbcTests        : Started ProductDAOJdbcTests in 3.586 seconds (process running for 4.199)
Hibernate: select pb1_0.id,pb1_0.expire,pb1_0.make,pb1_0.name,pb1_0.price from product pb1_0 order by pb1_0.id desc offset ? rows fetch first ? rows only
find=[ProductBean [id=1006, name=whores, price=1.456145623E7, make=2023-12-15 00:00:00.0, expire=21], ProductBean [id=1005, name=ho, price=1.456145623E7, make=2023-12-15 00:00:00.0, expire=21], ProductBean [id=1003, name=this is another demo, price=6.78, make=2021-02-03 00:00:00.0, expire=90], ProductBean [id=1002, name=whores, price=1.456145623E7, make=2023-12-15 00:00:00.0, expire=21], ProductBean [id=1001, name=whores, price=1.456145623E7, make=2023-12-15 00:00:00.0, expire=21], ProductBean [id=1000, name=whores, price=1.456145623E7, make=2023-12-15 00:00:00.0, expire=21], ProductBean [id=666, name=牛逼, price=666.99, make=2023-11-30 00:00:00.0, expire=56], ProductBean [id=50, name=whore, price=990.0, make=2023-11-12 00:00:00.0, expire=1], ProductBean [id=10, name=HotDog, price=25.0, make=2007-04-30 00:00:00.0, expire=1], ProductBean [id=9, name=whoresssss, price=1.456145623E7, make=2023-11-13 00:00:00.0, expire=21234234], ProductBean [id=8, name=Qwi-Qwi, price=20.0, make=2007-02-28 00:00:00.0, expire=200], ProductBean [id=7, name=Chicken Noodle, price=20.0, make=2006-10-30 00:00:00.0, expire=300], ProductBean [id=6, name=Prince Noodle, price=5.0, make=2007-04-02 00:00:00.0, expire=365], ProductBean [id=5, name=Cookie, price=25.0, make=2007-03-27 00:00:00.0, expire=45], ProductBean [id=4, name=Coffe Square, price=15.0, make=2007-02-20 00:00:00.0, expire=100], ProductBean [id=3, name=cccocoocococo, price=14556.23, make=2023-01-13 00:00:00.0, expire=3333], ProductBean [id=2, name=Milk Tea, price=15.0, make=2007-02-14 00:00:00.0, expire=150], ProductBean [id=1, name=ho, price=1.456145623E7, make=2023-12-15 00:00:00.0, expire=21]]
Hibernate: select count_big(pb1_0.id) from product pb1_0
count=19
]]></system-out>
    <system-err><![CDATA[WARNING: A Java agent has been loaded dynamically (/Users/vinskao/.m2/repository/net/bytebuddy/byte-buddy-agent/1.14.10/byte-buddy-agent-1.14.10.jar)
WARNING: If a serviceability tool is in use, please run with -XX:+EnableDynamicAgentLoading to hide this warning
WARNING: If a serviceability tool is not in use, please run with -Djdk.instrument.traceUsage for more information
WARNING: Dynamic loading of agents will be disallowed by default in a future release
]]></system-err>
  </testcase>
  <testcase name="testDelete" classname="tw.com.ty.dao.ProductDAOJdbcTests" time="0.019">
    <system-out><![CDATA[Hibernate: select pb1_0.id,pb1_0.expire,pb1_0.make,pb1_0.name,pb1_0.price from product pb1_0 where pb1_0.id=?
delete=false
]]></system-out>
  </testcase>
  <testcase name="testInsert" classname="tw.com.ty.dao.ProductDAOJdbcTests" time="0.013">
    <system-out><![CDATA[Hibernate: select pb1_0.id,pb1_0.expire,pb1_0.make,pb1_0.name,pb1_0.price from product pb1_0 where pb1_0.id=?
result=ProductBean [id=101, name=hahaha, price=1.23, make=Thu Dec 21 11:24:09 CST 2023, expire=45]
]]></system-out>
  </testcase>
  <testcase name="testSelect" classname="tw.com.ty.dao.ProductDAOJdbcTests" time="0.009">
    <system-out><![CDATA[Hibernate: select pb1_0.id,pb1_0.expire,pb1_0.make,pb1_0.name,pb1_0.price from product pb1_0 where pb1_0.id=?
select1=ProductBean [id=1, name=ho, price=1.456145623E7, make=2023-12-15 00:00:00.0, expire=21]
select0=null
]]></system-out>
  </testcase>
  <testcase name="testUpdate" classname="tw.com.ty.dao.ProductDAOJdbcTests" time="0.009">
    <system-out><![CDATA[Hibernate: select pb1_0.id,pb1_0.expire,pb1_0.make,pb1_0.name,pb1_0.price from product pb1_0 where pb1_0.id=?
]]></system-out>
  </testcase>
</testsuite>